<?xml version="1.0" encoding="UTF-8"?>
<!-- Generated by org.testng.reporters.JUnitReportReporter -->
<testsuite hostname="MC-S102299" failures="0" tests="1" name="POM_Tests.ExtentReportsWithTestNG" time="3.553" errors="0" timestamp="2020-06-27T11:23:47 BST" skipped="0">
  <testcase classname="POM_Tests.ExtentReportsWithTestNG" name="test1" time="3.553"/>
  <system-out/>
</testsuite> <!-- POM_Tests.ExtentReportsWithTestNG -->
