<?xml version="1.0" encoding="UTF-8"?>
<!-- Generated by org.testng.reporters.JUnitReportReporter -->
<testsuite hostname="MC-S102299" failures="0" tests="36" name="utils.ExcelDataProvider" time="209.861" errors="0" timestamp="2020-06-27T11:05:03 BST" skipped="0">
  <testcase classname="utils.ExcelDataProvider" name="test1" time="6.060"/>
  <system-out/>
  <testcase classname="utils.ExcelDataProvider" name="test2" time="3.189"/>
  <system-out/>
  <testcase classname="utils.ExcelDataProvider" name="test1" time="3.936"/>
  <system-out/>
  <testcase classname="utils.ExcelDataProvider" name="test1" time="2.941"/>
  <system-out/>
  <testcase classname="utils.ExcelDataProvider" name="test2" time="10.820"/>
  <system-out/>
  <testcase classname="utils.ExcelDataProvider" name="test1" time="2.810"/>
  <system-out/>
  <testcase classname="utils.ExcelDataProvider" name="test2" time="3.679"/>
  <system-out/>
  <testcase classname="utils.ExcelDataProvider" name="test1" time="2.503"/>
  <system-out/>
  <testcase classname="utils.ExcelDataProvider" name="test2" time="6.401"/>
  <system-out/>
  <testcase classname="utils.ExcelDataProvider" name="test2" time="6.604"/>
  <system-out/>
  <testcase classname="utils.ExcelDataProvider" name="test2" time="13.100"/>
  <system-out/>
  <testcase classname="utils.ExcelDataProvider" name="test1" time="4.155"/>
  <system-out/>
  <testcase classname="utils.ExcelDataProvider" name="test1" time="4.547"/>
  <system-out/>
  <testcase classname="utils.ExcelDataProvider" name="test2" time="4.025"/>
  <system-out/>
  <testcase classname="utils.ExcelDataProvider" name="test1" time="2.699"/>
  <system-out/>
  <testcase classname="utils.ExcelDataProvider" name="test2" time="4.885"/>
  <system-out/>
  <testcase classname="utils.ExcelDataProvider" name="test2" time="10.430"/>
  <system-out/>
  <testcase classname="utils.ExcelDataProvider" name="test1" time="3.424"/>
  <system-out/>
  <testcase classname="utils.ExcelDataProvider" name="test2" time="7.402"/>
  <system-out/>
  <testcase classname="utils.ExcelDataProvider" name="test2" time="7.674"/>
  <system-out/>
  <testcase classname="utils.ExcelDataProvider" name="test2" time="10.355"/>
  <system-out/>
  <testcase classname="utils.ExcelDataProvider" name="test2" time="5.933"/>
  <system-out/>
  <testcase classname="utils.ExcelDataProvider" name="test1" time="5.408"/>
  <system-out/>
  <testcase classname="utils.ExcelDataProvider" name="test2" time="11.538"/>
  <system-out/>
  <testcase classname="utils.ExcelDataProvider" name="test2" time="7.667"/>
  <system-out/>
  <testcase classname="utils.ExcelDataProvider" name="test2" time="9.856"/>
  <system-out/>
  <testcase classname="utils.ExcelDataProvider" name="test1" time="2.731"/>
  <system-out/>
  <testcase classname="utils.ExcelDataProvider" name="test2" time="3.779"/>
  <system-out/>
  <testcase classname="utils.ExcelDataProvider" name="test1" time="2.530"/>
  <system-out/>
  <testcase classname="utils.ExcelDataProvider" name="test1" time="2.627"/>
  <system-out/>
  <testcase classname="utils.ExcelDataProvider" name="test2" time="7.108"/>
  <system-out/>
  <testcase classname="utils.ExcelDataProvider" name="test2" time="5.448"/>
  <system-out/>
  <testcase classname="utils.ExcelDataProvider" name="test1" time="5.737"/>
  <system-out/>
  <testcase classname="utils.ExcelDataProvider" name="test1" time="7.328"/>
  <system-out/>
  <testcase classname="utils.ExcelDataProvider" name="test1" time="7.666"/>
  <system-out/>
  <testcase classname="utils.ExcelDataProvider" name="test2" time="2.866"/>
  <system-out/>
</testsuite> <!-- utils.ExcelDataProvider -->
