<?xml version="1.0" encoding="UTF-8"?>
<!-- Generated by org.testng.reporters.JUnitReportReporter -->
<testsuite hostname="MC-S102299" failures="0" tests="17" name="POM_Tests.AppleSearchTest2_testNG" time="33.203" errors="0" timestamp="2020-06-27T11:05:03 BST" skipped="0">
  <testcase classname="POM_Tests.AppleSearchTest2_testNG" name="appleLoginTest" time="1.984"/>
  <system-out/>
  <testcase classname="POM_Tests.AppleSearchTest2_testNG" name="appleLoginTest" time="1.509"/>
  <system-out/>
  <testcase classname="POM_Tests.AppleSearchTest2_testNG" name="appleLoginTest" time="1.495"/>
  <system-out/>
  <testcase classname="POM_Tests.AppleSearchTest2_testNG" name="appleLoginTest" time="1.440"/>
  <system-out/>
  <testcase classname="POM_Tests.AppleSearchTest2_testNG" name="appleLoginTest" time="1.463"/>
  <system-out/>
  <testcase classname="POM_Tests.AppleSearchTest2_testNG" name="appleLoginTest" time="3.056"/>
  <system-out/>
  <testcase classname="POM_Tests.AppleSearchTest2_testNG" name="appleLoginTest" time="1.543"/>
  <system-out/>
  <testcase classname="POM_Tests.AppleSearchTest2_testNG" name="appleLoginTest" time="1.760"/>
  <system-out/>
  <testcase classname="POM_Tests.AppleSearchTest2_testNG" name="appleLoginTest" time="1.585"/>
  <system-out/>
  <testcase classname="POM_Tests.AppleSearchTest2_testNG" name="appleLoginTest" time="1.552"/>
  <system-out/>
  <testcase classname="POM_Tests.AppleSearchTest2_testNG" name="appleLoginTest" time="1.477"/>
  <system-out/>
  <testcase classname="POM_Tests.AppleSearchTest2_testNG" name="appleLoginTest" time="1.690"/>
  <system-out/>
  <testcase classname="POM_Tests.AppleSearchTest2_testNG" name="appleLoginTest" time="1.851"/>
  <system-out/>
  <testcase classname="POM_Tests.AppleSearchTest2_testNG" name="appleSearchTest" time="5.947"/>
  <system-out/>
  <testcase classname="POM_Tests.AppleSearchTest2_testNG" name="appleLoginTest" time="1.527"/>
  <system-out/>
  <testcase classname="POM_Tests.AppleSearchTest2_testNG" name="appleLoginTest" time="1.903"/>
  <system-out/>
  <testcase classname="POM_Tests.AppleSearchTest2_testNG" name="appleLoginTest" time="1.421"/>
  <system-out/>
</testsuite> <!-- POM_Tests.AppleSearchTest2_testNG -->
