<?xml version="1.0" encoding="UTF-8"?>
<!-- Generated by org.testng.reporters.JUnitReportReporter -->
<testsuite hostname="MC-S102299" failures="0" tests="17" name="POM_Tests.LoginTest_testNG2_dataProvider" time="31.693" errors="0" timestamp="2020-06-27T11:05:03 BST" skipped="0">
  <testcase classname="POM_Tests.LoginTest_testNG2_dataProvider" name="appleLoginTest" time="1.545"/>
  <system-out/>
  <testcase classname="POM_Tests.LoginTest_testNG2_dataProvider" name="appleLoginTest" time="1.337"/>
  <system-out/>
  <testcase classname="POM_Tests.LoginTest_testNG2_dataProvider" name="appleLoginTest" time="1.958"/>
  <system-out/>
  <testcase classname="POM_Tests.LoginTest_testNG2_dataProvider" name="appleLoginTest" time="1.298"/>
  <system-out/>
  <testcase classname="POM_Tests.LoginTest_testNG2_dataProvider" name="appleLoginTest" time="1.232"/>
  <system-out/>
  <testcase classname="POM_Tests.LoginTest_testNG2_dataProvider" name="appleLoginTest" time="1.862"/>
  <system-out/>
  <testcase classname="POM_Tests.LoginTest_testNG2_dataProvider" name="appleLoginTest" time="1.507"/>
  <system-out/>
  <testcase classname="POM_Tests.LoginTest_testNG2_dataProvider" name="appleLoginTest" time="1.541"/>
  <system-out/>
  <testcase classname="POM_Tests.LoginTest_testNG2_dataProvider" name="appleLoginTest" time="2.037"/>
  <system-out/>
  <testcase classname="POM_Tests.LoginTest_testNG2_dataProvider" name="appleLoginTest" time="3.082"/>
  <system-out/>
  <testcase classname="POM_Tests.LoginTest_testNG2_dataProvider" name="appleLoginTest" time="1.353"/>
  <system-out/>
  <testcase classname="POM_Tests.LoginTest_testNG2_dataProvider" name="appleLoginTest" time="1.359"/>
  <system-out/>
  <testcase classname="POM_Tests.LoginTest_testNG2_dataProvider" name="appleSearchTest" time="6.159"/>
  <system-out/>
  <testcase classname="POM_Tests.LoginTest_testNG2_dataProvider" name="appleLoginTest" time="1.168"/>
  <system-out/>
  <testcase classname="POM_Tests.LoginTest_testNG2_dataProvider" name="appleLoginTest" time="1.256"/>
  <system-out/>
  <testcase classname="POM_Tests.LoginTest_testNG2_dataProvider" name="appleLoginTest" time="1.502"/>
  <system-out/>
  <testcase classname="POM_Tests.LoginTest_testNG2_dataProvider" name="appleLoginTest" time="1.497"/>
  <system-out/>
</testsuite> <!-- POM_Tests.LoginTest_testNG2_dataProvider -->
